<?xml version="1.0" encoding="UTF-8"?>
<testsuite xmlns:xsi="http://www.w3.org/2001/XMLSchema-instance" xsi:noNamespaceSchemaLocation="https://maven.apache.org/surefire/maven-surefire-plugin/xsd/surefire-test-report-3.0.xsd" version="3.0" name="runners.TestRunner" time="29.577" tests="5" errors="0" skipped="0" failures="1">
  <properties>
[...]
</properties>
  <testcase name="runScenario[&quot;Navigate to desired category successfully&quot;, &quot;Add to cart functionality&quot;](1)" classname="runners.TestRunner" time="7.343">
    <system-out><![CDATA[
&amp#27;[1mScenario Outline:&amp#27;[22m Navigate to desired category successfully &amp#27;[90m# file:///C:/Users/arghy/eclipse-workspace/Automation-One/src/test/java/Features/addToCart.feature:12&amp#27;[39m
In Before A
In Before B
In Before C
  &amp#27;[32mâœ”&amp#27;[39m &amp#27;[32m&amp#27;[1mAnd &amp#27;[22muser enters &amp#27;[1m"arghya"&amp#27;[22m and &amp#27;[1m"Test@123"&amp#27;[22m&amp#27;[39m                 &amp#27;[90m# stepDefinitions.LoginSteps.userEntersCredentials(java.lang.String,java.lang.String)&amp#27;[39m
  &amp#27;[32mâœ”&amp#27;[39m &amp#27;[32m&amp#27;[1mAnd &amp#27;[22muser clicks the login submit button&amp#27;[39m                 &amp#27;[90m# stepDefinitions.LoginSteps.userClicksTheLoginSubmitButton()&amp#27;[39m
  &amp#27;[32mâœ”&amp#27;[39m &amp#27;[32m&amp#27;[1mAnd &amp#27;[22muser sees the Dashboard&amp#27;[39m                             &amp#27;[90m# stepDefinitions.LoginSteps.userSeesTheDashboard()&amp#27;[39m
  &amp#27;[32mâœ”&amp#27;[39m &amp#27;[32m&amp#27;[1mWhen &amp#27;[22muser clicks the &amp#27;[1m"Biography"&amp#27;[22m&amp#27;[39m                        &amp#27;[90m# stepDefinitions.AddToCartSteps.userClicksThe(java.lang.String)&amp#27;[39m
  &amp#27;[32mâœ”&amp#27;[39m &amp#27;[32m&amp#27;[1mThen &amp#27;[22mthe &amp#27;[1m"Biography"&amp#27;[22m should reflect in the url&amp#27;[39m          &amp#27;[90m# stepDefinitions.AddToCartSteps.theShouldReflectInTheUrl(java.lang.String)&amp#27;[39m
In @After hook:
Scenario ID: 34d281f9-70be-42cb-bf81-e2341298e705
Scenario Name: Navigate to desired category successfully
Scenario Line Number: 12
Scenario Tag Name(s): []
Scenario Status: PASSED
Scenario Uri: file:///C:/Users/arghy/eclipse-workspace/Automation-One/src/test/java/Features/addToCart.feature
In After C
In After B
In After A
]]></system-out>
    <system-err><![CDATA[SLF4J(W): No SLF4J providers were found.
SLF4J(W): Defaulting to no-operation (NOP) logger implementation
SLF4J(W): See https://www.slf4j.org/codes.html#noProviders for further details.
Sep 16, 2025 2:53:10 PM org.openqa.selenium.devtools.CdpVersionFinder findNearestMatch
WARNING: Unable to find an exact match for CDP version 140, returning the closest version; found: 139; Please update to a Selenium version that supports CDP version 140
]]></system-err>
  </testcase>
  <testcase name="runScenario[&quot;Navigate to desired category successfully&quot;, &quot;Add to cart functionality&quot;](2)" classname="runners.TestRunner" time="5.832">
    <system-out><![CDATA[
&amp#27;[1mScenario Outline:&amp#27;[22m Navigate to desired category successfully &amp#27;[90m# file:///C:/Users/arghy/eclipse-workspace/Automation-One/src/test/java/Features/addToCart.feature:13&amp#27;[39m
In Before A
In Before B
In Before C
  &amp#27;[32mâœ”&amp#27;[39m &amp#27;[32m&amp#27;[1mAnd &amp#27;[22muser enters &amp#27;[1m"arghya.paul"&amp#27;[22m and &amp#27;[1m"Test@123"&amp#27;[22m&amp#27;[39m            &amp#27;[90m# stepDefinitions.LoginSteps.userEntersCredentials(java.lang.String,java.lang.String)&amp#27;[39m
  &amp#27;[32mâœ”&amp#27;[39m &amp#27;[32m&amp#27;[1mAnd &amp#27;[22muser clicks the login submit button&amp#27;[39m                 &amp#27;[90m# stepDefinitions.LoginSteps.userClicksTheLoginSubmitButton()&amp#27;[39m
  &amp#27;[32mâœ”&amp#27;[39m &amp#27;[32m&amp#27;[1mAnd &amp#27;[22muser sees the Dashboard&amp#27;[39m                             &amp#27;[90m# stepDefinitions.LoginSteps.userSeesTheDashboard()&amp#27;[39m
  &amp#27;[32mâœ”&amp#27;[39m &amp#27;[32m&amp#27;[1mWhen &amp#27;[22muser clicks the &amp#27;[1m"Fiction"&amp#27;[22m&amp#27;[39m                          &amp#27;[90m# stepDefinitions.AddToCartSteps.userClicksThe(java.lang.String)&amp#27;[39m
  &amp#27;[32mâœ”&amp#27;[39m &amp#27;[32m&amp#27;[1mThen &amp#27;[22mthe &amp#27;[1m"Fiction"&amp#27;[22m should reflect in the url&amp#27;[39m            &amp#27;[90m# stepDefinitions.AddToCartSteps.theShouldReflectInTheUrl(java.lang.String)&amp#27;[39m
In @After hook:
Scenario ID: 150dea02-e066-415e-835c-a2adbac8f9a5
Scenario Name: Navigate to desired category successfully
Scenario Line Number: 13
Scenario Tag Name(s): []
Scenario Status: PASSED
Scenario Uri: file:///C:/Users/arghy/eclipse-workspace/Automation-One/src/test/java/Features/addToCart.feature
In After C
In After B
In After A
]]></system-out>
    <system-err><![CDATA[Sep 16, 2025 2:53:17 PM org.openqa.selenium.devtools.CdpVersionFinder findNearestMatch
WARNING: Unable to find an exact match for CDP version 140, returning the closest version; found: 139; Please update to a Selenium version that supports CDP version 140
]]></system-err>
  </testcase>
  <testcase name="runScenario[&quot;Navigate to desired category successfully&quot;, &quot;Add to cart functionality&quot;](3)" classname="runners.TestRunner" time="6.094">
    <system-out><![CDATA[
&amp#27;[1mScenario Outline:&amp#27;[22m Navigate to desired category successfully &amp#27;[90m# file:///C:/Users/arghy/eclipse-workspace/Automation-One/src/test/java/Features/addToCart.feature:14&amp#27;[39m
In Before A
In Before B
In Before C
  &amp#27;[32mâœ”&amp#27;[39m &amp#27;[32m&amp#27;[1mAnd &amp#27;[22muser enters &amp#27;[1m"arghya"&amp#27;[22m and &amp#27;[1m"Test@123"&amp#27;[22m&amp#27;[39m                 &amp#27;[90m# stepDefinitions.LoginSteps.userEntersCredentials(java.lang.String,java.lang.String)&amp#27;[39m
  &amp#27;[32mâœ”&amp#27;[39m &amp#27;[32m&amp#27;[1mAnd &amp#27;[22muser clicks the login submit button&amp#27;[39m                 &amp#27;[90m# stepDefinitions.LoginSteps.userClicksTheLoginSubmitButton()&amp#27;[39m
  &amp#27;[32mâœ”&amp#27;[39m &amp#27;[32m&amp#27;[1mAnd &amp#27;[22muser sees the Dashboard&amp#27;[39m                             &amp#27;[90m# stepDefinitions.LoginSteps.userSeesTheDashboard()&amp#27;[39m
  &amp#27;[32mâœ”&amp#27;[39m &amp#27;[32m&amp#27;[1mWhen &amp#27;[22muser clicks the &amp#27;[1m"Fantasy"&amp#27;[22m&amp#27;[39m                          &amp#27;[90m# stepDefinitions.AddToCartSteps.userClicksThe(java.lang.String)&amp#27;[39m
  &amp#27;[32mâœ”&amp#27;[39m &amp#27;[32m&amp#27;[1mThen &amp#27;[22mthe &amp#27;[1m"Fantasy"&amp#27;[22m should reflect in the url&amp#27;[39m            &amp#27;[90m# stepDefinitions.AddToCartSteps.theShouldReflectInTheUrl(java.lang.String)&amp#27;[39m
In @After hook:
Scenario ID: 5a9366da-1d1a-4b28-a70f-575ce6d8fa3f
Scenario Name: Navigate to desired category successfully
Scenario Line Number: 14
Scenario Tag Name(s): []
Scenario Status: PASSED
Scenario Uri: file:///C:/Users/arghy/eclipse-workspace/Automation-One/src/test/java/Features/addToCart.feature
In After C
In After B
In After A
]]></system-out>
    <system-err><![CDATA[Sep 16, 2025 2:53:22 PM org.openqa.selenium.devtools.CdpVersionFinder findNearestMatch
WARNING: Unable to find an exact match for CDP version 140, returning the closest version; found: 139; Please update to a Selenium version that supports CDP version 140
]]></system-err>
  </testcase>
  <testcase name="runScenario[&quot;Navigate to desired category successfully&quot;, &quot;Add to cart functionality&quot;](4)" classname="runners.TestRunner" time="5.767">
    <system-out><![CDATA[
&amp#27;[1mScenario Outline:&amp#27;[22m Navigate to desired category successfully &amp#27;[90m# file:///C:/Users/arghy/eclipse-workspace/Automation-One/src/test/java/Features/addToCart.feature:15&amp#27;[39m
In Before A
In Before B
In Before C
  &amp#27;[32mâœ”&amp#27;[39m &amp#27;[32m&amp#27;[1mAnd &amp#27;[22muser enters &amp#27;[1m"arghya.paul"&amp#27;[22m and &amp#27;[1m"Test@123"&amp#27;[22m&amp#27;[39m            &amp#27;[90m# stepDefinitions.LoginSteps.userEntersCredentials(java.lang.String,java.lang.String)&amp#27;[39m
  &amp#27;[32mâœ”&amp#27;[39m &amp#27;[32m&amp#27;[1mAnd &amp#27;[22muser clicks the login submit button&amp#27;[39m                 &amp#27;[90m# stepDefinitions.LoginSteps.userClicksTheLoginSubmitButton()&amp#27;[39m
  &amp#27;[32mâœ”&amp#27;[39m &amp#27;[32m&amp#27;[1mAnd &amp#27;[22muser sees the Dashboard&amp#27;[39m                             &amp#27;[90m# stepDefinitions.LoginSteps.userSeesTheDashboard()&amp#27;[39m
  &amp#27;[32mâœ”&amp#27;[39m &amp#27;[32m&amp#27;[1mWhen &amp#27;[22muser clicks the &amp#27;[1m"Romance"&amp#27;[22m&amp#27;[39m                          &amp#27;[90m# stepDefinitions.AddToCartSteps.userClicksThe(java.lang.String)&amp#27;[39m
  &amp#27;[32mâœ”&amp#27;[39m &amp#27;[32m&amp#27;[1mThen &amp#27;[22mthe &amp#27;[1m"Romance"&amp#27;[22m should reflect in the url&amp#27;[39m            &amp#27;[90m# stepDefinitions.AddToCartSteps.theShouldReflectInTheUrl(java.lang.String)&amp#27;[39m
In @After hook:
Scenario ID: 6b08c386-a6e5-4ca8-930a-b028e1569ca8
Scenario Name: Navigate to desired category successfully
Scenario Line Number: 15
Scenario Tag Name(s): []
Scenario Status: PASSED
Scenario Uri: file:///C:/Users/arghy/eclipse-workspace/Automation-One/src/test/java/Features/addToCart.feature
In After C
In After B
In After A
]]></system-out>
    <system-err><![CDATA[Sep 16, 2025 2:53:28 PM org.openqa.selenium.devtools.CdpVersionFinder findNearestMatch
WARNING: Unable to find an exact match for CDP version 140, returning the closest version; found: 139; Please update to a Selenium version that supports CDP version 140
]]></system-err>
  </testcase>
  <testcase name="runScenario[&quot;Just for testing&quot;, &quot;Add to cart functionality&quot;](5)" classname="runners.TestRunner" time="2.719">
    <failure message="expected [true] but found [false]" type="java.lang.AssertionError"><![CDATA[java.lang.AssertionError: expected [true] but found [false]
	at org.testng.Assert.fail(Assert.java:111)
	at org.testng.Assert.failNotEquals(Assert.java:1590)
	at org.testng.Assert.assertTrue(Assert.java:57)
	at org.testng.Assert.assertTrue(Assert.java:67)
	at stepDefinitions.AddToCartSteps.userDoesNothing(AddToCartSteps.java:38)
	at ✽.user does nothing(file:///C:/Users/arghy/eclipse-workspace/Automation-One/src/test/java/Features/addToCart.feature:19)
]]></failure>
    <system-out><![CDATA[
@before @after
&amp#27;[1mScenario:&amp#27;[22m Just for testing &amp#27;[90m# file:///C:/Users/arghy/eclipse-workspace/Automation-One/src/test/java/Features/addToCart.feature:18&amp#27;[39m
In Before A
In Before B
In Before C
In Before tag$$$$$$$$$$$$
User does nothing!!!!!!!!!!!!!
  &amp#27;[31mâœ˜&amp#27;[39m &amp#27;[31m&amp#27;[1mThen &amp#27;[22muser does nothing&amp#27;[39m &amp#27;[90m# stepDefinitions.AddToCartSteps.userDoesNothing()&amp#27;[39m
        &amp#27;[31mjava.lang.AssertionError: expected [true] but found [false]&amp#27;[39m
        &amp#27;[31m	at org.testng.Assert.fail(Assert.java:111)&amp#27;[39m
        &amp#27;[31m	at org.testng.Assert.failNotEquals(Assert.java:1590)&amp#27;[39m
        &amp#27;[31m	at org.testng.Assert.assertTrue(Assert.java:57)&amp#27;[39m
        &amp#27;[31m	at org.testng.Assert.assertTrue(Assert.java:67)&amp#27;[39m
        &amp#27;[31m	at stepDefinitions.AddToCartSteps.userDoesNothing(AddToCartSteps.java:38)&amp#27;[39m
        &amp#27;[31m	at âœ½.user does nothing(file:///C:/Users/arghy/eclipse-workspace/Automation-One/src/test/java/Features/addToCart.feature:19)&amp#27;[39m
In @After hook:
Scenario ID: b0789149-ac77-43d9-9d91-dbbb7527dcb7
Scenario Name: Just for testing
Scenario Line Number: 18
Scenario Tag Name(s): [@before, @after]
Scenario Status: FAILED
Scenario Uri: file:///C:/Users/arghy/eclipse-workspace/Automation-One/src/test/java/Features/addToCart.feature
In Failed if block

        &amp#27;[34mEmbedding Just for testingAfter_18_1758014616076 [image/png 52953 bytes]&amp#27;[39m

In After tag$$$$$$$$$$$$
In After C
In After B
In After A
]]></system-out>
    <system-err><![CDATA[Sep 16, 2025 2:53:34 PM org.openqa.selenium.devtools.CdpVersionFinder findNearestMatch
WARNING: Unable to find an exact match for CDP version 140, returning the closest version; found: 139; Please update to a Selenium version that supports CDP version 140
]]></system-err>
  </testcase>
</testsuite>